<?xml version="1.0" encoding="UTF-8"?>
<testsuites>
  <testsuite name="unit" tests="218" assertions="278" failures="1" errors="0" time="246.668242">
    <testcase name="testShouldReturnFalse_WhenDontExist" class="checkExistTest" file="/data/htdocs/app/tests/unit/Helper/Facades/checkExistTest.php" line="25" assertions="1" time="1.801839"/>
    <testcase name="testShouldReturnTrue_WhenExist" class="checkExistTest" file="/data/htdocs/app/tests/unit/Helper/Facades/checkExistTest.php" line="37" assertions="1" time="1.082517"/>
    <testcase name="testShouldReturnArray_WhenEmlementIsArray" class="getArrayIdValueTest" file="/data/htdocs/app/tests/unit/Helper/Facades/getArrayIdValueTest.php" line="26" assertions="1" time="0.970645"/>
    <testcase name="testShouldReturnArray_WhenEmlementIsObject" class="getArrayIdValueTest" file="/data/htdocs/app/tests/unit/Helper/Facades/getArrayIdValueTest.php" line="49" assertions="1" time="1.000164"/>
    <testcase name="testShouldReturnFalseWhenGetListEngineerByClassIdIsString" class="models\ClassAssignment\ClassAssignmentsTest" file="/data/htdocs/app/tests/unit/models/ClassAssignment/ClassAssignmentsTest.php" line="51" assertions="1" time="1.072276"/>
    <testcase name="testShouldReturnEmptyWhenGetListEngineerByClassIdIsNotExistInDatabase" class="models\ClassAssignment\ClassAssignmentsTest" file="/data/htdocs/app/tests/unit/models/ClassAssignment/ClassAssignmentsTest.php" line="68" assertions="1" time="1.123075"/>
    <testcase name="testShouldReturnFalseWhenGetListEngineerByClassIdIsEmpty" class="models\ClassAssignment\ClassAssignmentsTest" file="/data/htdocs/app/tests/unit/models/ClassAssignment/ClassAssignmentsTest.php" line="85" assertions="1" time="0.950002"/>
    <testcase name="testShouldReturnArrayWhenGetListEngineerByValidClassId" class="models\ClassAssignment\ClassAssignmentsTest" file="/data/htdocs/app/tests/unit/models/ClassAssignment/ClassAssignmentsTest.php" line="102" assertions="1" time="0.959309"/>
    <testcase name="testShouldReturnTrueWhenAssignEngineerWithValidClassIdAndEngineerId" class="models\ClassAssignment\ClassAssignmentsTest" file="/data/htdocs/app/tests/unit/models/ClassAssignment/ClassAssignmentsTest.php" line="119" assertions="1" time="1.002161">
      <failure type="PHPUnit_Framework_ExpectationFailedException">models\ClassAssignment\ClassAssignmentsTest::testShouldReturnTrueWhenAssignEngineerWithValidClassIdAndEngineerId
Failed asserting that false is true.

/data/htdocs/app/tests/unit/models/ClassAssignment/ClassAssignmentsTest.php:126
</failure>
    </testcase>
    <testcase name="testShouldReturnFalseWhenAssignEngineerWithEmptyEngineerId" class="models\ClassAssignment\ClassAssignmentsTest" file="/data/htdocs/app/tests/unit/models/ClassAssignment/ClassAssignmentsTest.php" line="135" assertions="1" time="0.975514"/>
    <testcase name="testShouldReturnFalseWhenAssignEngineerWithEmptyClassId" class="models\ClassAssignment\ClassAssignmentsTest" file="/data/htdocs/app/tests/unit/models/ClassAssignment/ClassAssignmentsTest.php" line="155" assertions="1" time="0.971901"/>
    <testcase name="testShouldReturnFalseWhenAssignEngineerWithEmptyClassIdAndEngineerId" class="models\ClassAssignment\ClassAssignmentsTest" file="/data/htdocs/app/tests/unit/models/ClassAssignment/ClassAssignmentsTest.php" line="175" assertions="1" time="0.956079"/>
    <testcase name="testShouldReturnFalseWhenAssignEngineerWithClassIdIsNotExistInDatabase" class="models\ClassAssignment\ClassAssignmentsTest" file="/data/htdocs/app/tests/unit/models/ClassAssignment/ClassAssignmentsTest.php" line="195" assertions="1" time="0.968762"/>
    <testcase name="testShouldReturnFalseWhenAssignEngineerWithClassIdIsString" class="models\ClassAssignment\ClassAssignmentsTest" file="/data/htdocs/app/tests/unit/models/ClassAssignment/ClassAssignmentsTest.php" line="215" assertions="1" time="0.969086"/>
    <testcase name="testShouldReturnFalseWhenAssignEngineerWithEngineerIdIsString" class="models\ClassAssignment\ClassAssignmentsTest" file="/data/htdocs/app/tests/unit/models/ClassAssignment/ClassAssignmentsTest.php" line="235" assertions="1" time="0.988105"/>
    <testcase name="testShouldReturnFalseWhenAssignEngineerWithEngineerIdIsNotExistInDatabase" class="models\ClassAssignment\ClassAssignmentsTest" file="/data/htdocs/app/tests/unit/models/ClassAssignment/ClassAssignmentsTest.php" line="255" assertions="1" time="0.956582"/>
    <testcase name="testShouldReturnFalseWhenRemoveAssignEngineerWithEmptyClassId" class="models\ClassAssignment\ClassAssignmentsTest" file="/data/htdocs/app/tests/unit/models/ClassAssignment/ClassAssignmentsTest.php" line="275" assertions="1" time="0.963126"/>
    <testcase name="testShouldReturnFalseWhenRemoveAssignEngineerWithEmptyEngineerId" class="models\ClassAssignment\ClassAssignmentsTest" file="/data/htdocs/app/tests/unit/models/ClassAssignment/ClassAssignmentsTest.php" line="296" assertions="1" time="0.949148"/>
    <testcase name="testGetCourseListShouldReturnAllItems" class="models\CourseTest" file="/data/htdocs/app/tests/unit/models/Course/CourseTest.php" line="85" assertions="1" time="1.193470"/>
    <testcase name="testGetCourseListShouldReturnEmptyWhenNoItemInDatabase" class="models\CourseTest" file="/data/htdocs/app/tests/unit/models/Course/CourseTest.php" line="103" assertions="1" time="1.139035"/>
    <testcase name="testGetCourseDetailByIdShouldReturnDetailWhenIdIsFound" class="models\CourseTest" file="/data/htdocs/app/tests/unit/models/Course/CourseTest.php" line="120" assertions="1" time="1.136216"/>
    <testcase name="testGetCourseDetailByIdShouldReturnEmptyWhenIdIsNotFound" class="models\CourseTest" file="/data/htdocs/app/tests/unit/models/Course/CourseTest.php" line="133" assertions="1" time="1.114425"/>
    <testcase name="testCheckValidationShouldReturnErrorMessageWhenCourseIdNotExistMethodUpdate" class="models\CourseTest" file="/data/htdocs/app/tests/unit/models/Course/CourseTest.php" line="145" assertions="1" time="1.081782"/>
    <testcase name="testCheckValidationShouldReturnErrorMessageWhenCourseHadClasses" class="models\CourseTest" file="/data/htdocs/app/tests/unit/models/Course/CourseTest.php" line="160" assertions="1" time="1.107353"/>
    <testcase name="testCheckValidationShouldReturnErrorMessageWhenAreaNotExist" class="models\CourseTest" file="/data/htdocs/app/tests/unit/models/Course/CourseTest.php" line="175" assertions="1" time="1.126540"/>
    <testcase name="testCheckValidationShouldReturnErrorMessageWhenPairAreaAndCourseExistAndCourseIdDifferentToUpdateId" class="models\CourseTest" file="/data/htdocs/app/tests/unit/models/Course/CourseTest.php" line="191" assertions="1" time="1.164353"/>
    <testcase name="testCheckValidationShouldReturnTrueWhenPairAreaAndCourseExistAndCourseIdEqualToUpdateId" class="models\CourseTest" file="/data/htdocs/app/tests/unit/models/Course/CourseTest.php" line="208" assertions="1" time="1.170454"/>
    <testcase name="testCheckValidationShouldReturnTrueWhenPairAreaAndCourseNotExistMethodUpdate" class="models\CourseTest" file="/data/htdocs/app/tests/unit/models/Course/CourseTest.php" line="224" assertions="1" time="1.140821"/>
    <testcase name="testCheckValidationShouldReturnTrueWhenPairAreaAndCourseNotExistMethodInsert" class="models\CourseTest" file="/data/htdocs/app/tests/unit/models/Course/CourseTest.php" line="240" assertions="1" time="1.129085"/>
    <testcase name="testCheckValidationShouldReturnErrorMessageWhenPairAreaAndCourseExistMethodInsert" class="models\CourseTest" file="/data/htdocs/app/tests/unit/models/Course/CourseTest.php" line="255" assertions="1" time="1.268902"/>
    <testcase name="testSaveCourseShouldReturnFalseWhenCourseNameIsEmpty" class="models\CourseTest" file="/data/htdocs/app/tests/unit/models/Course/CourseTest.php" line="270" assertions="2" time="1.403371"/>
    <testcase name="testSaveCourseShouldReturnFalseWhenCourseNameMoreThan100Characters" class="models\CourseTest" file="/data/htdocs/app/tests/unit/models/Course/CourseTest.php" line="290" assertions="2" time="1.234943"/>
    <testcase name="testSaveCourseShouldReturnFalseWhenAreaIdIsEmpty" class="models\CourseTest" file="/data/htdocs/app/tests/unit/models/Course/CourseTest.php" line="312" assertions="2" time="1.169702"/>
    <testcase name="testSaveCourseShouldReturnTrueWhenInsertSuccessfully" class="models\CourseTest" file="/data/htdocs/app/tests/unit/models/Course/CourseTest.php" line="332" assertions="2" time="1.196024"/>
    <testcase name="testUpdateCourseShouldReturnObjectWithErrorWhenCourseNameIsEmpty" class="models\CourseTest" file="/data/htdocs/app/tests/unit/models/Course/CourseTest.php" line="352" assertions="1" time="1.292562"/>
    <testcase name="testUpdateCourseShouldReturnObjectWithErrorWhenCourseNameMoreThan100Characters" class="models\CourseTest" file="/data/htdocs/app/tests/unit/models/Course/CourseTest.php" line="373" assertions="1" time="1.437551"/>
    <testcase name="testUpdateCourseShouldReturnObjectWithErrorWhenAreaIdIsEmpty" class="models\CourseTest" file="/data/htdocs/app/tests/unit/models/Course/CourseTest.php" line="396" assertions="1" time="1.206425"/>
    <testcase name="testUpdateCourseShouldReturnTrueWhenUpdateSuccessfully" class="models\CourseTest" file="/data/htdocs/app/tests/unit/models/Course/CourseTest.php" line="417" assertions="2" time="1.167742"/>
    <testcase name="testShouldReturnTrueWhenAddEngineerSuccess" class="models\AddEngineerTest" file="/data/htdocs/app/tests/unit/models/Engineer/AddEngineerTest.php" line="44" assertions="1" time="1.132077"/>
    <testcase name="testShouldReturnMessageWhenEngineerNameNull" class="models\AddEngineerTest" file="/data/htdocs/app/tests/unit/models/Engineer/AddEngineerTest.php" line="61" assertions="2" time="0.993083"/>
    <testcase name="testShouldReturnTrueWhenEngineerNameValid" class="models\AddEngineerTest" file="/data/htdocs/app/tests/unit/models/Engineer/AddEngineerTest.php" line="82" assertions="2" time="1.008451"/>
    <testcase name="testShouldReturnMessageWhenEmployeeCodeNull" class="models\AddEngineerTest" file="/data/htdocs/app/tests/unit/models/Engineer/AddEngineerTest.php" line="102" assertions="2" time="1.013233"/>
    <testcase name="testShouldReturnTrueWhenEmployeeCodeValid" class="models\AddEngineerTest" file="/data/htdocs/app/tests/unit/models/Engineer/AddEngineerTest.php" line="123" assertions="2" time="1.065724"/>
    <testcase name="testShouldReturnMessageWhenEmailNotValid" class="models\AddEngineerTest" file="/data/htdocs/app/tests/unit/models/Engineer/AddEngineerTest.php" line="144" assertions="2" time="1.005238"/>
    <testcase name="testShouldReturnTrueWhenEmailValid" class="models\AddEngineerTest" file="/data/htdocs/app/tests/unit/models/Engineer/AddEngineerTest.php" line="165" assertions="2" time="0.993861"/>
    <testcase name="testShouldReturnCorrectDataWhenGetDetailEngineerByEngineerId" class="models\GetDetailEngineerTest" file="/data/htdocs/app/tests/unit/models/Engineer/GetDetailEngineerTest.php" line="71" assertions="1" time="1.318671"/>
    <testcase name="testShouldReturnCorrectDataWhenGetWorkingAreaByWorkingAreaId" class="models\GetDetailEngineerTest" file="/data/htdocs/app/tests/unit/models/Engineer/GetDetailEngineerTest.php" line="87" assertions="1" time="1.332227"/>
    <testcase name="testShouldReturnCorrectDataWhenGetPositionIsCurrentByEngineerId" class="models\GetDetailEngineerTest" file="/data/htdocs/app/tests/unit/models/Engineer/GetDetailEngineerTest.php" line="104" assertions="1" time="1.179757"/>
    <testcase name="testShouldReturnCorrectDataWhenGetListDepartmentFromDatabase" class="models\GetDetailEngineerTest" file="/data/htdocs/app/tests/unit/models/Engineer/GetDetailEngineerTest.php" line="121" assertions="1" time="1.221712"/>
    <testcase name="testShouldReturnCorrectDataWhenGetListTechniqueSkillCurrentByEngineerId" class="models\GetDetailEngineerTest" file="/data/htdocs/app/tests/unit/models/Engineer/GetDetailEngineerTest.php" line="137" assertions="1" time="1.190717"/>
    <testcase name="testShouldReturnCorrectDataWhenGetListSoftSkillCurrentByEngineerId" class="models\GetDetailEngineerTest" file="/data/htdocs/app/tests/unit/models/Engineer/GetDetailEngineerTest.php" line="154" assertions="1" time="1.200863"/>
    <testcase name="testShouldReturnListWorkingAreaCorrect" class="models\GetInterviewTest" file="/data/htdocs/app/tests/unit/models/Engineer/GetInterviewFormTest.php" line="37" assertions="1" time="1.216864"/>
    <testcase name="testShouldReturnListLevelsCorrect" class="models\GetInterviewTest" file="/data/htdocs/app/tests/unit/models/Engineer/GetInterviewFormTest.php" line="51" assertions="1" time="1.230185"/>
    <testcase name="testShouldReturnListTechniquesCorrect" class="models\GetInterviewTest" file="/data/htdocs/app/tests/unit/models/Engineer/GetInterviewFormTest.php" line="65" assertions="1" time="1.208637"/>
    <testcase name="testShouldReturnListSoftsCorrect" class="models\GetInterviewTest" file="/data/htdocs/app/tests/unit/models/Engineer/GetInterviewFormTest.php" line="80" assertions="1" time="1.232933"/>
    <testcase name="testShouldReturnListSoftsUpdateCorrect" class="models\GetInterviewTest" file="/data/htdocs/app/tests/unit/models/Engineer/GetInterviewFormTest.php" line="95" assertions="1" time="1.227498"/>
    <testcase name="testShouldReturnListTechsUpdateCorrect" class="models\GetInterviewTest" file="/data/htdocs/app/tests/unit/models/Engineer/GetInterviewFormTest.php" line="112" assertions="1" time="1.227049"/>
    <testcase name="testShouldReturnBasicInfoInterviewFormCorrect" class="models\GetInterviewTest" file="/data/htdocs/app/tests/unit/models/Engineer/GetInterviewFormTest.php" line="129" assertions="1" time="1.224042"/>
    <testcase name="testShouldReturnEngineerNameCorrect" class="models\GetInterviewTest" file="/data/htdocs/app/tests/unit/models/Engineer/GetInterviewFormTest.php" line="139" assertions="1" time="1.176845"/>
    <testcase name="testShouldReturnAllItemWhenGetAllEngineerInDatabase" class="models\GetListEngineerTest" file="/data/htdocs/app/tests/unit/models/Engineer/GetListEngineerTest.php" line="85" assertions="1" time="1.077541"/>
    <testcase name="testShouldReturnEmptyArrayWhenDatabaseEmpty" class="models\GetListEngineerTest" file="/data/htdocs/app/tests/unit/models/Engineer/GetListEngineerTest.php" line="109" assertions="1" time="1.030698"/>
    <testcase name="testGetSoftsShouldReturnArraSoftsCorrectWhenInsertSuccess" class="models\InsertInterviewTest" file="/data/htdocs/app/tests/unit/models/Engineer/InsertInterviewFormTest.php" line="37" assertions="1" time="1.206959"/>
    <testcase name="testGetTechsShouldReturnArraTechsCorrectWhenInsertSuccess" class="models\InsertInterviewTest" file="/data/htdocs/app/tests/unit/models/Engineer/InsertInterviewFormTest.php" line="59" assertions="1" time="1.220771"/>
    <testcase name="testGetPositionHistoryShouldReturnArraPositionCorrectWhenInsertSuccess" class="models\InsertInterviewTest" file="/data/htdocs/app/tests/unit/models/Engineer/InsertInterviewFormTest.php" line="81" assertions="1" time="1.541663"/>
    <testcase name="testShouldReturnTrueWhenInsertInterviewFormBasicSuccess" class="models\InsertInterviewTest" file="/data/htdocs/app/tests/unit/models/Engineer/InsertInterviewFormTest.php" line="106" assertions="1" time="1.450004"/>
    <testcase name="testShouldReturnMessageWhenNotSelectWorkingArea" class="InterviewValidateTest" file="/data/htdocs/app/tests/unit/models/Engineer/InterviewValidateTest.php" line="19" assertions="1" time="1.297504"/>
    <testcase name="testShouldReturnMessageWhenHaveNotEngineerId" class="InterviewValidateTest" file="/data/htdocs/app/tests/unit/models/Engineer/InterviewValidateTest.php" line="30" assertions="1" time="1.057676"/>
    <testcase name="testShouldReturnMessageWhenInterviewerNull" class="InterviewValidateTest" file="/data/htdocs/app/tests/unit/models/Engineer/InterviewValidateTest.php" line="41" assertions="1" time="1.226946"/>
    <testcase name="testShouldReturnMessageWhenInterviewerGreaterThan50Chars" class="InterviewValidateTest" file="/data/htdocs/app/tests/unit/models/Engineer/InterviewValidateTest.php" line="52" assertions="1" time="1.088352"/>
    <testcase name="testShouldReturnMessageWhenDepartmentInterviewerNull" class="InterviewValidateTest" file="/data/htdocs/app/tests/unit/models/Engineer/InterviewValidateTest.php" line="65" assertions="1" time="1.065806"/>
    <testcase name="testShouldReturnMessageWhenDepartmentInterviewerGreaterThan100Chars" class="InterviewValidateTest" file="/data/htdocs/app/tests/unit/models/Engineer/InterviewValidateTest.php" line="76" assertions="1" time="1.169763"/>
    <testcase name="testShouldReturnMessageWhenAppliedPositionNotSelect" class="InterviewValidateTest" file="/data/htdocs/app/tests/unit/models/Engineer/InterviewValidateTest.php" line="90" assertions="1" time="1.026627"/>
    <testcase name="testShouldReturnMessageWhenTechFeedbackNotSelect" class="InterviewValidateTest" file="/data/htdocs/app/tests/unit/models/Engineer/InterviewValidateTest.php" line="101" assertions="1" time="1.182320"/>
    <testcase name="testShouldReturnMessageWhenManagementFeedbackNotSelect" class="InterviewValidateTest" file="/data/htdocs/app/tests/unit/models/Engineer/InterviewValidateTest.php" line="112" assertions="1" time="1.048699"/>
    <testcase name="testShouldReturnMessageWhenInterviewDateNotSelect" class="InterviewValidateTest" file="/data/htdocs/app/tests/unit/models/Engineer/InterviewValidateTest.php" line="123" assertions="1" time="1.148467"/>
    <testcase name="testShouldReturnTrueWhenUpdateEngineerSuccess" class="models\UpdateInformationEngineerTest" file="/data/htdocs/app/tests/unit/models/Engineer/UpdateEngineerInformationTest.php" line="47" assertions="1" time="1.166906"/>
    <testcase name="testUpdatePositionShouldReturnCorrectLevelWhenUpdateSuccess" class="models\UpdateInterviewTest" file="/data/htdocs/app/tests/unit/models/Engineer/UpdateInterviewFormTest.php" line="37" assertions="1" time="1.370043"/>
    <testcase name="testUpdateEngineersShouldReturnCorrectHasFormtWhenUpdateSuccess" class="models\UpdateInterviewTest" file="/data/htdocs/app/tests/unit/models/Engineer/UpdateInterviewFormTest.php" line="45" assertions="1" time="1.297298"/>
    <testcase name="testShouldReturnFalse_WhenCreateSoftSkill_WithEmptyAllParams" class="models\DoCreateTest" file="/data/htdocs/app/tests/unit/models/SoftSkillIndex/DoCreateTest.php" line="36" assertions="2" time="1.025387"/>
    <testcase name="testShouldReturnFalse_WhenCreateSoftSkill_WithEmptySkillName" class="models\DoCreateTest" file="/data/htdocs/app/tests/unit/models/SoftSkillIndex/DoCreateTest.php" line="57" assertions="2" time="1.312154"/>
    <testcase name="testShouldReturnTrue_WhenCreateSoftSkill_WithEmptySkillDescription" class="models\DoCreateTest" file="/data/htdocs/app/tests/unit/models/SoftSkillIndex/DoCreateTest.php" line="78" assertions="2" time="1.065012"/>
    <testcase name="testShouldReturnFalse_WhenCreateSoftSkill_WithSkillExits" class="models\DoCreateTest" file="/data/htdocs/app/tests/unit/models/SoftSkillIndex/DoCreateTest.php" line="97" assertions="2" time="1.498650"/>
    <testcase name="testShouldReturnTrue_WhenDeleteSoftSkill_WithDeleteSuccess" class="models\DoDeleteTest" file="/data/htdocs/app/tests/unit/models/SoftSkillIndex/DoDeleteTest.php" line="57" assertions="2" time="1.249709"/>
    <testcase name="testShouldReturnFalseAndErrorMessage_WhenUpdateSoftSkill_WithEmptyAllParams" class="models\DoUpdateTest" file="/data/htdocs/app/tests/unit/models/SoftSkillIndex/DoUpdateTest.php" line="50" assertions="2" time="1.040318"/>
    <testcase name="testShouldReturnFalseAndErrorMessage_WhenUpdateSoftSkill_WithEmptySkillName" class="models\DoUpdateTest" file="/data/htdocs/app/tests/unit/models/SoftSkillIndex/DoUpdateTest.php" line="71" assertions="2" time="1.070042"/>
    <testcase name="testShouldReturnTrue_WhenUpdateSoftSkill_WithSuccess" class="models\DoUpdateTest" file="/data/htdocs/app/tests/unit/models/SoftSkillIndex/DoUpdateTest.php" line="92" assertions="2" time="1.115290"/>
    <testcase name="testShouldReturnFalse_WhenUpdateSoftSkill_WithSkillnameExits" class="models\DoUpdateTest" file="/data/htdocs/app/tests/unit/models/SoftSkillIndex/DoUpdateTest.php" line="119" assertions="2" time="1.144033"/>
    <testcase name="testShouldReturnArray_WhenGetIdSoftSkill_WithEqual" class="models\GetIdTest" file="/data/htdocs/app/tests/unit/models/SoftSkillIndex/GetIdTest.php" line="58" assertions="1" time="1.126753"/>
    <testcase name="testShouldReturnArray_WhenGetIdSoftSkill_WithNotEqual" class="models\GetIdTest" file="/data/htdocs/app/tests/unit/models/SoftSkillIndex/GetIdTest.php" line="78" assertions="1" time="1.046408"/>
    <testcase name="testShouldReturnArray_WhenListSoftSkill_WithEqual" class="models\GetListTest" file="/data/htdocs/app/tests/unit/models/SoftSkillIndex/GetListTest.php" line="58" assertions="1" time="1.158986"/>
    <testcase name="testShouldReturnArray_WhenListSoftSkill_WithNotEqual" class="models\GetListTest" file="/data/htdocs/app/tests/unit/models/SoftSkillIndex/GetListTest.php" line="94" assertions="1" time="1.048678"/>
    <testcase name="testShouldBeReturnFalseWhenEngineerIdInvalid" class="models\EngineerFullnameTest" file="/data/htdocs/app/tests/unit/models/SoftSkillManagement/EngineerFullnameTest.php" line="38" assertions="1" time="1.197690"/>
    <testcase name="testShouldBeReturnArrayDataWhenEngineerIdIsValid" class="models\EngineerFullnameTest" file="/data/htdocs/app/tests/unit/models/SoftSkillManagement/EngineerFullnameTest.php" line="53" assertions="1" time="1.195230"/>
    <testcase name="testShouldBeReturnFalseWhenEngineerIdInvalid" class="models\SoftSkillDetailTest" file="/data/htdocs/app/tests/unit/models/SoftSkillManagement/SoftSkillDetailTest.php" line="45" assertions="1" time="1.217416"/>
    <testcase name="testShouldBeReturnArrayDataWhenEngineerIdIsValid" class="models\SoftSkillDetailTest" file="/data/htdocs/app/tests/unit/models/SoftSkillManagement/SoftSkillDetailTest.php" line="60" assertions="1" time="1.348613"/>
    <testcase name="testShouldReturnArray_WhenInputMonthIsCorrect" class="models\TechnicalReport\getTechReportDataTest" file="/data/htdocs/app/tests/unit/models/TechnicalReport/getTechReportDataTest.php" line="31" assertions="1" time="1.167363"/>
    <testcase name="testShouldReturnError_WhenTechnicalUpdateResultDoValidate_WithExaminationResultCharater" class="models\TechnicalResult\DoValidateTest" file="/data/htdocs/app/tests/unit/models/TechnicalResult/DoValidateTest.php" line="37" assertions="1" time="1.019389"/>
    <testcase name="testShouldReturnError_WhenTechnicalUpdateResultDoValidate_WithExaminationResultLessThanZero" class="models\TechnicalResult\DoValidateTest" file="/data/htdocs/app/tests/unit/models/TechnicalResult/DoValidateTest.php" line="53" assertions="1" time="1.026649"/>
    <testcase name="testShouldReturnError_WhenTechnicalUpdateResultDoValidate_WithExaminationResultlGreaterThan100" class="models\TechnicalResult\DoValidateTest" file="/data/htdocs/app/tests/unit/models/TechnicalResult/DoValidateTest.php" line="69" assertions="1" time="1.005064"/>
    <testcase name="testShouldReturnError_WhenTechnicalUpdateResultDoValidate_WithExaminationResultCharaterTrue" class="models\TechnicalResult\DoValidateTest" file="/data/htdocs/app/tests/unit/models/TechnicalResult/DoValidateTest.php" line="85" assertions="1" time="1.000993"/>
    <testcase name="testShouldReturnError_WhenTechnicalUpdateResultDoValidate_WithExaminationResultCharaterFalse" class="models\TechnicalResult\DoValidateTest" file="/data/htdocs/app/tests/unit/models/TechnicalResult/DoValidateTest.php" line="101" assertions="1" time="1.014747"/>
    <testcase name="testShouldReturnTrue_WhenTechnicalUpdateResultDoValidate_WithExaminationResult90" class="models\TechnicalResult\DoValidateTest" file="/data/htdocs/app/tests/unit/models/TechnicalResult/DoValidateTest.php" line="118" assertions="1" time="1.059053"/>
    <testcase name="testShouldReturnError_WhenTechnicalUpdateResultDoValidate_WithPassExaminationCharater" class="models\TechnicalResult\DoValidateTest" file="/data/htdocs/app/tests/unit/models/TechnicalResult/DoValidateTest.php" line="131" assertions="1" time="1.097420"/>
    <testcase name="testShouldReturnTrue_WhenTechnicalUpdateResultDoValidate_WithPassExaminationTrue" class="models\TechnicalResult\DoValidateTest" file="/data/htdocs/app/tests/unit/models/TechnicalResult/DoValidateTest.php" line="147" assertions="1" time="1.061460"/>
    <testcase name="testShouldReturnTrue_WhenTechnicalUpdateResultDoValidate_WithPassExaminationFalse" class="models\TechnicalResult\DoValidateTest" file="/data/htdocs/app/tests/unit/models/TechnicalResult/DoValidateTest.php" line="159" assertions="1" time="1.044164"/>
    <testcase name="testShouldReturnNull_WhenTechnicalUpdateResultGetList_WithClassEmpty" class="models\TechnicalResult\GetListTest" file="/data/htdocs/app/tests/unit/models/TechnicalResult/GetListTest.php" line="79" assertions="2" time="1.111516"/>
    <testcase name="testShouldReturnNotEquals_WhenTechnicalUpdateResultGetList_WithClassEqual2" class="models\TechnicalResult\GetListTest" file="/data/htdocs/app/tests/unit/models/TechnicalResult/GetListTest.php" line="93" assertions="2" time="1.110200"/>
    <testcase name="testShouldReturnNull_WhenTechnicalUpdateResultGetList_WithClassEqual2" class="models\TechnicalResult\GetListTest" file="/data/htdocs/app/tests/unit/models/TechnicalResult/GetListTest.php" line="124" assertions="2" time="1.290473"/>
    <testcase name="testShouldReturnTrue_WhenTechnicalUpdateResultUpdate_WithExaminationResult" class="models\TechnicalResult\UpdateResultTest" file="/data/htdocs/app/tests/unit/models/TechnicalResult/updateResultTest.php" line="54" assertions="1" time="1.012286"/>
    <testcase name="testShouldReturnTrue_WhenTechnicalUpdateResultUpdate_WithPassExamination" class="models\TechnicalResult\UpdateResultTest" file="/data/htdocs/app/tests/unit/models/TechnicalResult/updateResultTest.php" line="74" assertions="1" time="1.026748"/>
    <testcase name="testShouldReturnFalse_WhenCreateTechniqueSkill_WithEmptyAllParams" class="models\TechnicalSkillIndex\DoCreateTest" file="/data/htdocs/app/tests/unit/models/TechnicalSkillIndex/DoCreateTest.php" line="37" assertions="2" time="1.082952"/>
    <testcase name="testShouldReturnFalse_WhenCreateTechniqueSkill_WithEmptySkillName" class="models\TechnicalSkillIndex\DoCreateTest" file="/data/htdocs/app/tests/unit/models/TechnicalSkillIndex/DoCreateTest.php" line="58" assertions="2" time="1.026291"/>
    <testcase name="testShouldReturnTrue_WhenCreateTechniqueSkill_WithEmptySkillDescription" class="models\TechnicalSkillIndex\DoCreateTest" file="/data/htdocs/app/tests/unit/models/TechnicalSkillIndex/DoCreateTest.php" line="79" assertions="2" time="1.039382"/>
    <testcase name="testShouldReturnFalse_WhenCreateTechniqueSkill_WithSkillExits" class="models\TechnicalSkillIndex\DoCreateTest" file="/data/htdocs/app/tests/unit/models/TechnicalSkillIndex/DoCreateTest.php" line="98" assertions="2" time="1.097649"/>
    <testcase name="testShouldReturnTrue_WhenDeleteTechniqueSkill_WithDeleteSuccess" class="models\TechnicalSkillIndex\DoDeleteTest" file="/data/htdocs/app/tests/unit/models/TechnicalSkillIndex/DoDeleteTest.php" line="58" assertions="2" time="1.075699"/>
    <testcase name="testShouldReturnFalseAndErrorMessage_WhenUpdateTechniqueSkill_WithEmptyAllParams" class="models\TechnicalSkillIndex\DoUpdateTest" file="/data/htdocs/app/tests/unit/models/TechnicalSkillIndex/DoUpdateTest.php" line="51" assertions="2" time="1.067586"/>
    <testcase name="testShouldReturnFalseAndErrorMessage_WhenUpdateTechniqueSkill_WithEmptySkillName" class="models\TechnicalSkillIndex\DoUpdateTest" file="/data/htdocs/app/tests/unit/models/TechnicalSkillIndex/DoUpdateTest.php" line="72" assertions="2" time="1.072856"/>
    <testcase name="testShouldReturnTrue_WhenUpdateTechniqueSkill_WithSuccess" class="models\TechnicalSkillIndex\DoUpdateTest" file="/data/htdocs/app/tests/unit/models/TechnicalSkillIndex/DoUpdateTest.php" line="93" assertions="2" time="1.239136"/>
    <testcase name="testShouldReturnFalse_WhenUpdateTechniqueSkill_WithSkillnameExits" class="models\TechnicalSkillIndex\DoUpdateTest" file="/data/htdocs/app/tests/unit/models/TechnicalSkillIndex/DoUpdateTest.php" line="120" assertions="2" time="1.045805"/>
    <testcase name="testShouldReturnArray_WhenGetIdTechniqueSkill_WithEqual" class="models\TechnicalSkillIndex\GetIdTest" file="/data/htdocs/app/tests/unit/models/TechnicalSkillIndex/GetIdTest.php" line="59" assertions="1" time="1.023311"/>
    <testcase name="testShouldReturnArray_WhenGetIdTechniqueSkill_WithNotEqual" class="models\TechnicalSkillIndex\GetIdTest" file="/data/htdocs/app/tests/unit/models/TechnicalSkillIndex/GetIdTest.php" line="79" assertions="1" time="1.012259"/>
    <testcase name="testShouldReturnArray_WhenListTechniqueSkill_WithEqual" class="models\TechnicalSkillIndex\GetListTest" file="/data/htdocs/app/tests/unit/models/TechnicalSkillIndex/GetListTest.php" line="59" assertions="1" time="1.078797"/>
    <testcase name="testShouldReturnArray_WhenListTechniqueSkill_WithNotEqual" class="models\TechnicalSkillIndex\GetListTest" file="/data/htdocs/app/tests/unit/models/TechnicalSkillIndex/GetListTest.php" line="95" assertions="1" time="1.045555"/>
    <testcase name="testShouldReturnFalseWhenInputEngineer_idIsNull" class="models\TechniqueSkillDetailTest" file="/data/htdocs/app/tests/unit/models/TechniqueSkillDetailTest.php" line="137" assertions="1" time="1.049102"/>
    <testcase name="testShouldReturnFalseWhenInputEngineer_idIsNotInteger" class="models\TechniqueSkillDetailTest" file="/data/htdocs/app/tests/unit/models/TechniqueSkillDetailTest.php" line="156" assertions="1" time="1.090537"/>
    <testcase name="testShouldReturnFalseWhenInputEngineer_idIsNotExits" class="models\TechniqueSkillDetailTest" file="/data/htdocs/app/tests/unit/models/TechniqueSkillDetailTest.php" line="173" assertions="1" time="1.095101"/>
    <testcase name="testShouldReturnFullNameTrueWhenInputEngineerIdTrue" class="models\TechniqueSkillDetailTest" file="/data/htdocs/app/tests/unit/models/TechniqueSkillDetailTest.php" line="190" assertions="1" time="1.052833"/>
    <testcase name="testShouldReturnArrayWhenInputEngineer_idAndInputSearchValue" class="models\TechniqueSkillDetailTest" file="/data/htdocs/app/tests/unit/models/TechniqueSkillDetailTest.php" line="209" assertions="1" time="1.086972"/>
    <testcase name="testShouldReturnFalseWhenInputEngineer_idIsAString" class="models\TechniqueSkillDetailTest" file="/data/htdocs/app/tests/unit/models/TechniqueSkillDetailTest.php" line="227" assertions="1" time="1.061335"/>
    <testcase name="testShouldReturnFalseWhenInputEngineer_idIsNotExit" class="models\TechniqueSkillDetailTest" file="/data/htdocs/app/tests/unit/models/TechniqueSkillDetailTest.php" line="244" assertions="1" time="1.056012"/>
    <testcase name="testShouldReturnCorrectDataWhenGetDetailTrainerByTrainerId" class="models\TrainerManagement\GetDetailTrainerTest" file="/data/htdocs/app/tests/unit/models/TrainerManagement/GetDetailTrainerTest.php" line="33" assertions="1" time="1.057359"/>
    <testcase name="testShouldReturnCorrectDataWhenGetListEngineerFromDatabase" class="models\TrainerManagement\GetListEngineerTest" file="/data/htdocs/app/tests/unit/models/TrainerManagement/GetListEngineerTest.php" line="61" assertions="1" time="1.118165"/>
    <testcase name="testShouldReturnNullWhenGetListEngineerFromDatabaseEmpty" class="models\TrainerManagement\GetListEngineerTest" file="/data/htdocs/app/tests/unit/models/TrainerManagement/GetListEngineerTest.php" line="71" assertions="1" time="1.038208"/>
    <testcase name="testShouldReturnTrueWhenAddTrainerSuccess" class="models\TrainerManagement\InsertTrainerTest" file="/data/htdocs/app/tests/unit/models/TrainerManagement/InsertTrainerTest.php" line="39" assertions="1" time="1.215264"/>
    <testcase name="testShouldReturnFalseWhenTrainerNameNull" class="models\TrainerManagement\InsertTrainerTest" file="/data/htdocs/app/tests/unit/models/TrainerManagement/InsertTrainerTest.php" line="50" assertions="2" time="1.239555"/>
    <testcase name="testShouldReturnFalseWhenTrainerNameValid" class="models\TrainerManagement\InsertTrainerTest" file="/data/htdocs/app/tests/unit/models/TrainerManagement/InsertTrainerTest.php" line="64" assertions="2" time="1.052038"/>
    <testcase name="testShouldReturnFalseWhenDescriptionValid" class="models\TrainerManagement\InsertTrainerTest" file="/data/htdocs/app/tests/unit/models/TrainerManagement/InsertTrainerTest.php" line="78" assertions="2" time="1.003239"/>
    <testcase name="testShouldReturnTrueWhenUpdateTrainerSuccess" class="models\TrainerManagement\UpdateTrainerTest" file="/data/htdocs/app/tests/unit/models/TrainerManagement/UpdateTrainerTest.php" line="57" assertions="2" time="1.113074"/>
    <testcase name="testShouldReturnErrorWhenInputFromDateIsEmpty" class="models\TrainerReport\doValidateTest" file="/data/htdocs/app/tests/unit/models/TrainerReport/doValidateTest.php" line="29" assertions="2" time="1.038654"/>
    <testcase name="testShouldReturnErrorWhenInputToDateIsEmpty" class="models\TrainerReport\doValidateTest" file="/data/htdocs/app/tests/unit/models/TrainerReport/doValidateTest.php" line="45" assertions="2" time="1.013539"/>
    <testcase name="testShouldReturnErrorWhenInputFromDateGreaterThanToDate" class="models\TrainerReport\doValidateTest" file="/data/htdocs/app/tests/unit/models/TrainerReport/doValidateTest.php" line="61" assertions="2" time="1.022313"/>
    <testcase name="testShouldReturnErrorWhenInputIsIncorrectSubmitDate" class="models\TrainerReport\doValidateTest" file="/data/htdocs/app/tests/unit/models/TrainerReport/doValidateTest.php" line="77" assertions="2" time="1.040742"/>
    <testcase name="testShouldReturnTrueWhenInputIsCorrectFormat" class="models\TrainerReport\doValidateTest" file="/data/htdocs/app/tests/unit/models/TrainerReport/doValidateTest.php" line="93" assertions="2" time="1.018202"/>
    <testcase name="testShouldReturnNullWhenClassTableIsEmpty" class="models\TrainerReport\getListTest" file="/data/htdocs/app/tests/unit/models/TrainerReport/getListTest.php" line="35" assertions="1" time="1.209700"/>
    <testcase name="testShouldReturnNullWhenDateOutRange" class="models\TrainerReport\getListTest" file="/data/htdocs/app/tests/unit/models/TrainerReport/getListTest.php" line="50" assertions="1" time="1.117772"/>
    <testcase name="testShouldReturnNullWhenDateInRange" class="models\TrainerReport\getListTest" file="/data/htdocs/app/tests/unit/models/TrainerReport/getListTest.php" line="64" assertions="1" time="1.113024"/>
    <testcase name="testShouldReturnFalse_WhenClassNameIsEmpty" class="models\TrainingClassManagement\doInsertTest" file="/data/htdocs/app/tests/unit/models/TrainingClassManagement/doInsertTest.php" line="34" assertions="2" time="1.092459"/>
    <testcase name="testShouldReturnFalse_WhenClassNameIsExist" class="models\TrainingClassManagement\doInsertTest" file="/data/htdocs/app/tests/unit/models/TrainingClassManagement/doInsertTest.php" line="55" assertions="2" time="1.367170"/>
    <testcase name="testShouldReturnFalse_WhenCourseIsEmpty" class="models\TrainingClassManagement\doInsertTest" file="/data/htdocs/app/tests/unit/models/TrainingClassManagement/doInsertTest.php" line="78" assertions="2" time="1.244575"/>
    <testcase name="testShouldReturnFalse_WhenCourseIsCharacter" class="models\TrainingClassManagement\doInsertTest" file="/data/htdocs/app/tests/unit/models/TrainingClassManagement/doInsertTest.php" line="99" assertions="2" time="1.140974"/>
    <testcase name="testShouldReturnFalse_WhenDateIsIncorrectFormat" class="models\TrainingClassManagement\doInsertTest" file="/data/htdocs/app/tests/unit/models/TrainingClassManagement/doInsertTest.php" line="120" assertions="2" time="1.339610"/>
    <testcase name="testShouldReturnFalse_WhenDateIsEmpty" class="models\TrainingClassManagement\doInsertTest" file="/data/htdocs/app/tests/unit/models/TrainingClassManagement/doInsertTest.php" line="141" assertions="2" time="1.224767"/>
    <testcase name="testShouldReturnFalse_WhenExamIsCharacter" class="models\TrainingClassManagement\doInsertTest" file="/data/htdocs/app/tests/unit/models/TrainingClassManagement/doInsertTest.php" line="161" assertions="2" time="1.173297"/>
    <testcase name="testShouldReturnFalse_WhenExamIsInteger" class="models\TrainingClassManagement\doInsertTest" file="/data/htdocs/app/tests/unit/models/TrainingClassManagement/doInsertTest.php" line="182" assertions="2" time="1.206217"/>
    <testcase name="testShouldReturnTrue_WhenInsertSuccessfull" class="models\TrainingClassManagement\doInsertTest" file="/data/htdocs/app/tests/unit/models/TrainingClassManagement/doInsertTest.php" line="203" assertions="2" time="1.106327"/>
    <testcase name="testShouldReturnFalse_WhenClassNameIsEmpty" class="models\TrainingClassManagement\doUpdateTest" file="/data/htdocs/app/tests/unit/models/TrainingClassManagement/doUpdateTest.php" line="34" assertions="1" time="1.112702"/>
    <testcase name="testShouldReturnFalse_WhenClassNameIsExist" class="models\TrainingClassManagement\doUpdateTest" file="/data/htdocs/app/tests/unit/models/TrainingClassManagement/doUpdateTest.php" line="55" assertions="1" time="1.093535"/>
    <testcase name="testShouldReturnFalse_WhenCourseIsEmpty" class="models\TrainingClassManagement\doUpdateTest" file="/data/htdocs/app/tests/unit/models/TrainingClassManagement/doUpdateTest.php" line="76" assertions="1" time="1.140233"/>
    <testcase name="testShouldReturnFalse_WhenCourseIsCharacter" class="models\TrainingClassManagement\doUpdateTest" file="/data/htdocs/app/tests/unit/models/TrainingClassManagement/doUpdateTest.php" line="96" assertions="1" time="1.105047"/>
    <testcase name="testShouldReturnFalse_WhenDateIsIncorrectFormat" class="models\TrainingClassManagement\doUpdateTest" file="/data/htdocs/app/tests/unit/models/TrainingClassManagement/doUpdateTest.php" line="116" assertions="1" time="1.297148"/>
    <testcase name="testShouldReturnFalse_WhenDateIsEmpty" class="models\TrainingClassManagement\doUpdateTest" file="/data/htdocs/app/tests/unit/models/TrainingClassManagement/doUpdateTest.php" line="137" assertions="1" time="1.175853"/>
    <testcase name="testShouldReturnFalse_WhenExamIsCharacter" class="models\TrainingClassManagement\doUpdateTest" file="/data/htdocs/app/tests/unit/models/TrainingClassManagement/doUpdateTest.php" line="157" assertions="1" time="1.097179"/>
    <testcase name="testShouldReturnFalse_WhenExamIsInteger" class="models\TrainingClassManagement\doUpdateTest" file="/data/htdocs/app/tests/unit/models/TrainingClassManagement/doUpdateTest.php" line="178" assertions="1" time="1.134264"/>
    <testcase name="testShouldReturnTrue_WhenInsertSuccessfull" class="models\TrainingClassManagement\doUpdateTest" file="/data/htdocs/app/tests/unit/models/TrainingClassManagement/doUpdateTest.php" line="199" assertions="1" time="1.189449"/>
    <testcase name="testShouldReturnEmpty_WhenCourseTableIsEmpty" class="models\TrainingClassManagement\getAllAreasTest" file="/data/htdocs/app/tests/unit/models/TrainingClassManagement/getAllAreasTest.php" line="28" assertions="1" time="1.031785"/>
    <testcase name="testShouldReturnAll_WhenCourseTableHasData" class="models\TrainingClassManagement\getAllAreasTest" file="/data/htdocs/app/tests/unit/models/TrainingClassManagement/getAllAreasTest.php" line="40" assertions="1" time="1.036416"/>
    <testcase name="testShouldReturnEmpty_WhenCourseTableIsEmpty" class="models\TrainingClassManagement\getAllCoursesTest" file="/data/htdocs/app/tests/unit/models/TrainingClassManagement/getAllCoursesTest.php" line="29" assertions="1" time="1.021871"/>
    <testcase name="testShouldReturnAll_WhenCourseTableHasData" class="models\TrainingClassManagement\getAllCoursesTest" file="/data/htdocs/app/tests/unit/models/TrainingClassManagement/getAllCoursesTest.php" line="41" assertions="1" time="1.059117"/>
    <testcase name="testShouldReturnEmpty_WhenCourseTableIsEmpty" class="models\TrainingClassManagement\getAllTrainerTest" file="/data/htdocs/app/tests/unit/models/TrainingClassManagement/getAllTrainerTest.php" line="28" assertions="1" time="0.999989"/>
    <testcase name="testShouldReturnAll_WhenCourseTableHasData" class="models\TrainingClassManagement\getAllTrainerTest" file="/data/htdocs/app/tests/unit/models/TrainingClassManagement/getAllTrainerTest.php" line="40" assertions="1" time="1.015403"/>
    <testcase name="testShouldReturnArray_WhenClassIdCorrect" class="models\TrainingClassManagement\getClassTest" file="/data/htdocs/app/tests/unit/models/TrainingClassManagement/getClassTest.php" line="28" assertions="1" time="1.017895"/>
    <testcase name="testShouldReturnEmpty_WhenClassIdIncorrect" class="models\TrainingClassManagement\getClassTest" file="/data/htdocs/app/tests/unit/models/TrainingClassManagement/getClassTest.php" line="39" assertions="1" time="0.999965"/>
    <testcase name="testShouldReturnErrorWhenInputFromDateIsEmpty" class="models\TrainingGeneralReport\doValidateTest" file="/data/htdocs/app/tests/unit/models/TrainingGeneralReport/doValidateTest.php" line="28" assertions="2" time="1.058033"/>
    <testcase name="testShouldReturnErrorWhenInputToDateIsEmpty" class="models\TrainingGeneralReport\doValidateTest" file="/data/htdocs/app/tests/unit/models/TrainingGeneralReport/doValidateTest.php" line="44" assertions="2" time="1.007688"/>
    <testcase name="testShouldReturnErrorWhenInputFromDateGreaterThanToDate" class="models\TrainingGeneralReport\doValidateTest" file="/data/htdocs/app/tests/unit/models/TrainingGeneralReport/doValidateTest.php" line="60" assertions="2" time="1.019441"/>
    <testcase name="testShouldReturnErrorWhenInputIsIncorrectSubmitDate" class="models\TrainingGeneralReport\doValidateTest" file="/data/htdocs/app/tests/unit/models/TrainingGeneralReport/doValidateTest.php" line="76" assertions="2" time="1.019248"/>
    <testcase name="testShouldReturnTrueWhenInputIsCorrectFormat" class="models\TrainingGeneralReport\doValidateTest" file="/data/htdocs/app/tests/unit/models/TrainingGeneralReport/doValidateTest.php" line="92" assertions="2" time="1.006752"/>
    <testcase name="testShouldReturnNullWhenCourseTableIsEmpty" class="models\TrainingGeneralReport\getListTest" file="/data/htdocs/app/tests/unit/models/TrainingGeneralReport/getListTest.php" line="35" assertions="1" time="1.076445"/>
    <testcase name="testShouldReturnNullWhenDateOutRange" class="models\TrainingGeneralReport\getListTest" file="/data/htdocs/app/tests/unit/models/TrainingGeneralReport/getListTest.php" line="50" assertions="1" time="1.054866"/>
    <testcase name="testShouldReturnNullWhenDateInRange" class="models\TrainingGeneralReport\getListTest" file="/data/htdocs/app/tests/unit/models/TrainingGeneralReport/getListTest.php" line="64" assertions="1" time="1.120836"/>
    <testcase name="testShouldReturnTrueWhenInputUserNameAndPassWordExistInDatabaseAndUserIsActive" class="models\UserTest" file="/data/htdocs/app/tests/unit/models/UserTest.php" line="82" assertions="1" time="1.144862"/>
    <testcase name="testShouldReturnFalseWhenNotInputUserNameAndPassWord" class="models\UserTest" file="/data/htdocs/app/tests/unit/models/UserTest.php" line="101" assertions="1" time="0.979340"/>
    <testcase name="testShouldReturnFalseWhenInputUserNameAndNotInputPassWord" class="models\UserTest" file="/data/htdocs/app/tests/unit/models/UserTest.php" line="124" assertions="1" time="1.000683"/>
    <testcase name="testShouldReturnFalseWhenNotInputUserNameAndInputPassWord" class="models\UserTest" file="/data/htdocs/app/tests/unit/models/UserTest.php" line="147" assertions="1" time="0.975003"/>
    <testcase name="testShouldReturnFalseWhenInputUserNameAndPassWordNotExistInDatabases" class="models\UserTest" file="/data/htdocs/app/tests/unit/models/UserTest.php" line="170" assertions="1" time="1.005430"/>
    <testcase name="testShouldReturnFalseWhenInputUserNameCorrectAndPassWordNotCorrect" class="models\UserTest" file="/data/htdocs/app/tests/unit/models/UserTest.php" line="193" assertions="1" time="1.056619"/>
    <testcase name="testShouldReturnFalseWhenInputUserNameNotCorrectAndPassWordCorrect" class="models\UserTest" file="/data/htdocs/app/tests/unit/models/UserTest.php" line="216" assertions="1" time="1.004599"/>
    <testcase name="testShouldReturnFalseWhenInputCorrectUserNameAndPassWordButUserNotActive" class="models\UserTest" file="/data/htdocs/app/tests/unit/models/UserTest.php" line="239" assertions="1" time="1.088599"/>
    <testcase name="testShouldReturnFalseWhenInputUserNameHaveSpecialCharacters" class="models\UserTest" file="/data/htdocs/app/tests/unit/models/UserTest.php" line="262" assertions="1" time="1.042718"/>
    <testcase name="testShouldReturnFalseWhenInputUserNameAndPasswordHaveSpecialCharacters" class="models\UserTest" file="/data/htdocs/app/tests/unit/models/UserTest.php" line="285" assertions="1" time="0.980644"/>
    <testcase name="testShouldReturnFalseWhenInputPassWordHaveSpecialCharacters" class="models\UserTest" file="/data/htdocs/app/tests/unit/models/UserTest.php" line="308" assertions="1" time="1.161567"/>
    <testcase name="testShouldReturnFalseWhenInputPassWordLenghtMoreThanSixtyCharacters" class="models\UserTest" file="/data/htdocs/app/tests/unit/models/UserTest.php" line="331" assertions="1" time="1.225437"/>
    <testcase name="testShouldReturnTrueWhenCreateNewUsers" class="models\UserTest" file="/data/htdocs/app/tests/unit/models/UserTest.php" line="356" assertions="1" time="1.472172"/>
    <testcase name="testShouldReturnFalseWhenCreateNewUsersWithEmptyUserName" class="models\UserTest" file="/data/htdocs/app/tests/unit/models/UserTest.php" line="383" assertions="1" time="1.285339"/>
    <testcase name="testShouldReturnFalseWhenCreateNewUsersWithEmptyPassword" class="models\UserTest" file="/data/htdocs/app/tests/unit/models/UserTest.php" line="409" assertions="1" time="1.318420"/>
    <testcase name="testShouldReturnFalseWhenCreateNewUsersWithEmptyPasswordConfirmation" class="models\UserTest" file="/data/htdocs/app/tests/unit/models/UserTest.php" line="435" assertions="1" time="1.309109"/>
    <testcase name="testShouldReturnFalseWhenCreateNewUsersWithEmptyEmail" class="models\UserTest" file="/data/htdocs/app/tests/unit/models/UserTest.php" line="461" assertions="1" time="1.326164"/>
    <testcase name="testShouldReturnFalseWhenCreateNewUsersWithWrongEmailFormat" class="models\UserTest" file="/data/htdocs/app/tests/unit/models/UserTest.php" line="488" assertions="1" time="1.303641"/>
    <testcase name="testShouldReturnFalseWhenCreateNewUsersWithPasswordAndPasswordConfirmNotMatch" class="models\UserTest" file="/data/htdocs/app/tests/unit/models/UserTest.php" line="515" assertions="1" time="1.304061"/>
    <testcase name="testShouldReturnFalseWhenCreateNewUsersWithUsernameExistInDatabase" class="models\UserTest" file="/data/htdocs/app/tests/unit/models/UserTest.php" line="542" assertions="1" time="1.361409"/>
    <testcase name="testShouldReturnFalseWhenCreateNewUsersWithEmailExistInDatabase" class="models\UserTest" file="/data/htdocs/app/tests/unit/models/UserTest.php" line="569" assertions="1" time="1.310002"/>
    <testcase name="testShouldReturnFalseWhenCreateNewUsersWithPasswordAndPassWordConfirmLengthSmallSixCharacters" class="models\UserTest" file="/data/htdocs/app/tests/unit/models/UserTest.php" line="596" assertions="1" time="1.335654"/>
    <testcase name="testShouldReturnErrorMessageWhenUpdateUsersWithInValidParams" class="models\UserTest" file="/data/htdocs/app/tests/unit/models/UserTest.php" line="623" assertions="1" time="1.219893"/>
    <testcase name="testShouldReturnErrorMessageWhenUpdateUsersWithEmptyEmail" class="models\UserTest" file="/data/htdocs/app/tests/unit/models/UserTest.php" line="655" assertions="1" time="1.179852"/>
    <testcase name="testShouldReturnFalseWhenGetDetailUserWithEmptyId" class="models\UserTest" file="/data/htdocs/app/tests/unit/models/UserTest.php" line="687" assertions="1" time="0.958406"/>
    <testcase name="testShouldReturnNullWhenGetDetailUserWithInvalidId" class="models\UserTest" file="/data/htdocs/app/tests/unit/models/UserTest.php" line="707" assertions="1" time="1.007346"/>
    <testcase name="testShouldReturnErrorMessageWhenChangePasswordWithInvalidParams" class="models\UserTest" file="/data/htdocs/app/tests/unit/models/UserTest.php" line="726" assertions="1" time="1.177889"/>
    <testcase name="testShouldReturnError_WhenInputIsEmpty" class="models\UtilizationModel\doValidateTest" file="/data/htdocs/app/tests/unit/models/UtilizationModel/doValidateTest.php" line="28" assertions="2" time="1.014129"/>
    <testcase name="testShouldReturnError_WhenInputIsIncorrectFormat_OneInput" class="models\UtilizationModel\doValidateTest" file="/data/htdocs/app/tests/unit/models/UtilizationModel/doValidateTest.php" line="44" assertions="2" time="1.047409"/>
    <testcase name="testShouldReturnError_WhenInputIsIncorrectFormat_TwoInput" class="models\UtilizationModel\doValidateTest" file="/data/htdocs/app/tests/unit/models/UtilizationModel/doValidateTest.php" line="60" assertions="2" time="1.045197"/>
    <testcase name="testShouldReturnTrue_WhenInputIsCorrectFormat_OneInput" class="models\UtilizationModel\doValidateTest" file="/data/htdocs/app/tests/unit/models/UtilizationModel/doValidateTest.php" line="80" assertions="2" time="0.984938"/>
    <testcase name="testShouldReturnTrue_WhenInputIsCorrectFormat_TwoInput" class="models\UtilizationModel\doValidateTest" file="/data/htdocs/app/tests/unit/models/UtilizationModel/doValidateTest.php" line="95" assertions="2" time="0.998494"/>
    <testcase name="testShouldReturnArrayNull_WhenMonthlyTableIsEmpty" class="models\UtilizationModel\getCountTotalTest" file="/data/htdocs/app/tests/unit/models/UtilizationModel/getCountTotalTest.php" line="36" assertions="1" time="1.188365"/>
    <testcase name="testShouldReturnArrayCountTotal_WhenInfomationCorrectButIncorrectDate" class="models\UtilizationModel\getCountTotalTest" file="/data/htdocs/app/tests/unit/models/UtilizationModel/getCountTotalTest.php" line="48" assertions="1" time="1.207350"/>
    <testcase name="testShouldReturnArrayCountTotal_WhenInfomationCorrect" class="models\UtilizationModel\getCountTotalTest" file="/data/htdocs/app/tests/unit/models/UtilizationModel/getCountTotalTest.php" line="84" assertions="1" time="1.210582"/>
    <testcase name="testShouldReturnNull_WhenMonthlyTableIsEmpty" class="models\UtilizationModel\getDataForUtilizationReportTest" file="/data/htdocs/app/tests/unit/models/UtilizationModel/getDataForUtilizationReportTest.php" line="36" assertions="1" time="1.201758"/>
    <testcase name="testShouldReturnArray_WhenInfomationCorrectButIncorrectDate" class="models\UtilizationModel\getDataForUtilizationReportTest" file="/data/htdocs/app/tests/unit/models/UtilizationModel/getDataForUtilizationReportTest.php" line="48" assertions="1" time="1.562940"/>
    <testcase name="testShouldReturnArray_WhenInfomationCorrect" class="models\UtilizationModel\getDataForUtilizationReportTest" file="/data/htdocs/app/tests/unit/models/UtilizationModel/getDataForUtilizationReportTest.php" line="83" assertions="1" time="1.552999"/>
  </testsuite>
</testsuites>
